-------------------------------------------------------------------------------
Test set: com.test.linkirid.runners.Runner
-------------------------------------------------------------------------------
Tests run: 15, Failures: 0, Errors: 15, Skipped: 0, Time elapsed: 0.419 s <<< FAILURE! - in com.test.linkirid.runners.Runner
Testing all page functionality.Test all page in the footers (Happy path) #1  Time elapsed: 0.046 s  <<< ERROR!
io.cucumber.junit.UndefinedStepException: 
The step 'User click on the 'Home' page in the footers' and 1 other step(s) are undefined.
You can implement these steps using the snippet(s) below:

@When("User click on the {string} page in the footers")
public void userClickOnThePageInTheFooters(String string) {
    // Write code here that turns the phrase above into concrete actions
    throw new io.cucumber.java.PendingException();
}
@Then("User validates the title {string}")
public void userValidatesTheTitle(String string) {
    // Write code here that turns the phrase above into concrete actions
    throw new io.cucumber.java.PendingException();
}


Testing all page functionality.Test all page in the footers (Happy path) #2  Time elapsed: 0.003 s  <<< ERROR!
io.cucumber.junit.UndefinedStepException: 
The step 'User click on the 'Bikes' page in the footers' and 1 other step(s) are undefined.
You can implement these steps using the snippet(s) below:

@When("User click on the {string} page in the footers")
public void userClickOnThePageInTheFooters(String string) {
    // Write code here that turns the phrase above into concrete actions
    throw new io.cucumber.java.PendingException();
}
@Then("User validates the title {string}")
public void userValidatesTheTitle(String string) {
    // Write code here that turns the phrase above into concrete actions
    throw new io.cucumber.java.PendingException();
}


Testing all page functionality.Test all page in the footers (Happy path) #3  Time elapsed: 0.002 s  <<< ERROR!
io.cucumber.junit.UndefinedStepException: 
The step 'User click on the 'Accessories' page in the footers' and 1 other step(s) are undefined.
You can implement these steps using the snippet(s) below:

@When("User click on the {string} page in the footers")
public void userClickOnThePageInTheFooters(String string) {
    // Write code here that turns the phrase above into concrete actions
    throw new io.cucumber.java.PendingException();
}
@Then("User validates the title {string}")
public void userValidatesTheTitle(String string) {
    // Write code here that turns the phrase above into concrete actions
    throw new io.cucumber.java.PendingException();
}


Testing all page functionality.Test all page in the footers (Happy path) #4  Time elapsed: 0.002 s  <<< ERROR!
io.cucumber.junit.UndefinedStepException: 
The step 'User click on the 'Brands' page in the footers' and 1 other step(s) are undefined.
You can implement these steps using the snippet(s) below:

@When("User click on the {string} page in the footers")
public void userClickOnThePageInTheFooters(String string) {
    // Write code here that turns the phrase above into concrete actions
    throw new io.cucumber.java.PendingException();
}
@Then("User validates the title {string}")
public void userValidatesTheTitle(String string) {
    // Write code here that turns the phrase above into concrete actions
    throw new io.cucumber.java.PendingException();
}


Testing all page functionality.Test all page in the footers (Happy path) #5  Time elapsed: 0.002 s  <<< ERROR!
io.cucumber.junit.UndefinedStepException: 
The step 'User click on the 'Service' page in the footers' and 1 other step(s) are undefined.
You can implement these steps using the snippet(s) below:

@When("User click on the {string} page in the footers")
public void userClickOnThePageInTheFooters(String string) {
    // Write code here that turns the phrase above into concrete actions
    throw new io.cucumber.java.PendingException();
}
@Then("User validates the title {string}")
public void userValidatesTheTitle(String string) {
    // Write code here that turns the phrase above into concrete actions
    throw new io.cucumber.java.PendingException();
}


Testing all page functionality.Test all page in the footers (Happy path) #6  Time elapsed: 0.002 s  <<< ERROR!
io.cucumber.junit.UndefinedStepException: 
The step 'User click on the 'ID Match' page in the footers' and 1 other step(s) are undefined.
You can implement these steps using the snippet(s) below:

@When("User click on the {string} page in the footers")
public void userClickOnThePageInTheFooters(String string) {
    // Write code here that turns the phrase above into concrete actions
    throw new io.cucumber.java.PendingException();
}
@Then("User validates the title {string}")
public void userValidatesTheTitle(String string) {
    // Write code here that turns the phrase above into concrete actions
    throw new io.cucumber.java.PendingException();
}


Testing all page functionality.Test all page in the footers (Happy path) #7  Time elapsed: 0.003 s  <<< ERROR!
io.cucumber.junit.UndefinedStepException: 
The step 'User click on the 'Rentals' page in the footers' and 1 other step(s) are undefined.
You can implement these steps using the snippet(s) below:

@When("User click on the {string} page in the footers")
public void userClickOnThePageInTheFooters(String string) {
    // Write code here that turns the phrase above into concrete actions
    throw new io.cucumber.java.PendingException();
}
@Then("User validates the title {string}")
public void userValidatesTheTitle(String string) {
    // Write code here that turns the phrase above into concrete actions
    throw new io.cucumber.java.PendingException();
}


Testing all page functionality.Test all page in the footers (Happy path) #8  Time elapsed: 0.004 s  <<< ERROR!
io.cucumber.junit.UndefinedStepException: 
The step 'User click on the 'Offers' page in the footers' and 1 other step(s) are undefined.
You can implement these steps using the snippet(s) below:

@When("User click on the {string} page in the footers")
public void userClickOnThePageInTheFooters(String string) {
    // Write code here that turns the phrase above into concrete actions
    throw new io.cucumber.java.PendingException();
}
@Then("User validates the title {string}")
public void userValidatesTheTitle(String string) {
    // Write code here that turns the phrase above into concrete actions
    throw new io.cucumber.java.PendingException();
}


Testing all page functionality.Test all page in the footers (Happy path) #9  Time elapsed: 0.002 s  <<< ERROR!
io.cucumber.junit.UndefinedStepException: 
The step 'User click on the 'Contact Us' page in the footers' and 1 other step(s) are undefined.
You can implement these steps using the snippet(s) below:

@When("User click on the {string} page in the footers")
public void userClickOnThePageInTheFooters(String string) {
    // Write code here that turns the phrase above into concrete actions
    throw new io.cucumber.java.PendingException();
}
@Then("User validates the title {string}")
public void userValidatesTheTitle(String string) {
    // Write code here that turns the phrase above into concrete actions
    throw new io.cucumber.java.PendingException();
}


Testing all page functionality.Test all page in the footers (Happy path) #10  Time elapsed: 0.001 s  <<< ERROR!
io.cucumber.junit.UndefinedStepException: 
The step 'User click on the 'About Us' page in the footers' and 1 other step(s) are undefined.
You can implement these steps using the snippet(s) below:

@When("User click on the {string} page in the footers")
public void userClickOnThePageInTheFooters(String string) {
    // Write code here that turns the phrase above into concrete actions
    throw new io.cucumber.java.PendingException();
}
@Then("User validates the title {string}")
public void userValidatesTheTitle(String string) {
    // Write code here that turns the phrase above into concrete actions
    throw new io.cucumber.java.PendingException();
}


Testing all page functionality.Test all page in the footers (Happy path) #11  Time elapsed: 0.002 s  <<< ERROR!
io.cucumber.junit.UndefinedStepException: 
The step 'User click on the 'Account' page in the footers' and 1 other step(s) are undefined.
You can implement these steps using the snippet(s) below:

@When("User click on the {string} page in the footers")
public void userClickOnThePageInTheFooters(String string) {
    // Write code here that turns the phrase above into concrete actions
    throw new io.cucumber.java.PendingException();
}
@Then("User validates the title {string}")
public void userValidatesTheTitle(String string) {
    // Write code here that turns the phrase above into concrete actions
    throw new io.cucumber.java.PendingException();
}


Testing all page functionality.Test all page in the footers (Happy path) #12  Time elapsed: 0.002 s  <<< ERROR!
io.cucumber.junit.UndefinedStepException: 
The step 'User click on the 'Become a Partner' page in the footers' and 1 other step(s) are undefined.
You can implement these steps using the snippet(s) below:

@When("User click on the {string} page in the footers")
public void userClickOnThePageInTheFooters(String string) {
    // Write code here that turns the phrase above into concrete actions
    throw new io.cucumber.java.PendingException();
}
@Then("User validates the title {string}")
public void userValidatesTheTitle(String string) {
    // Write code here that turns the phrase above into concrete actions
    throw new io.cucumber.java.PendingException();
}


Testing all page functionality.Test all page in the footers (Happy path) #13  Time elapsed: 0.002 s  <<< ERROR!
io.cucumber.junit.UndefinedStepException: 
The step 'User click on the 'Terms & Conditions' page in the footers' and 1 other step(s) are undefined.
You can implement these steps using the snippet(s) below:

@When("User click on the {string} page in the footers")
public void userClickOnThePageInTheFooters(String string) {
    // Write code here that turns the phrase above into concrete actions
    throw new io.cucumber.java.PendingException();
}
@Then("User validates the title {string}")
public void userValidatesTheTitle(String string) {
    // Write code here that turns the phrase above into concrete actions
    throw new io.cucumber.java.PendingException();
}


Testing all page functionality.Test all page in the footers (Happy path) #14  Time elapsed: 0.001 s  <<< ERROR!
io.cucumber.junit.UndefinedStepException: 
The step 'User click on the 'Delivery & Returns' page in the footers' and 1 other step(s) are undefined.
You can implement these steps using the snippet(s) below:

@When("User click on the {string} page in the footers")
public void userClickOnThePageInTheFooters(String string) {
    // Write code here that turns the phrase above into concrete actions
    throw new io.cucumber.java.PendingException();
}
@Then("User validates the title {string}")
public void userValidatesTheTitle(String string) {
    // Write code here that turns the phrase above into concrete actions
    throw new io.cucumber.java.PendingException();
}


Testing all page functionality.Test all page in the footers (Happy path) #15  Time elapsed: 0.002 s  <<< ERROR!
io.cucumber.junit.UndefinedStepException: 
The step 'User click on the 'Privacy Policy & Cookies' page in the footers' and 1 other step(s) are undefined.
You can implement these steps using the snippet(s) below:

@When("User click on the {string} page in the footers")
public void userClickOnThePageInTheFooters(String string) {
    // Write code here that turns the phrase above into concrete actions
    throw new io.cucumber.java.PendingException();
}
@Then("User validates the title {string}")
public void userValidatesTheTitle(String string) {
    // Write code here that turns the phrase above into concrete actions
    throw new io.cucumber.java.PendingException();
}


